<?xml version="1.0" encoding="UTF-8"?>
<testsuite name="com.example.lab3.integration.DishServiceJpaIntegrationTest" tests="1" skipped="0" failures="0" errors="0" timestamp="2026-02-25T12:49:55" hostname="WHO-AM-I-IDK" time="0.888">
  <properties/>
  <testcase name="full CRUD flow for Dish()" classname="com.example.lab3.integration.DishServiceJpaIntegrationTest" time="0.888"/>
  <system-out><![CDATA[19:49:50.649 [Test worker] INFO org.springframework.test.context.support.AnnotationConfigContextLoaderUtils -- Could not detect default configuration classes for test class [com.example.lab3.integration.DishServiceJpaIntegrationTest]: DishServiceJpaIntegrationTest does not declare any static, non-private, non-final, nested classes annotated with @Configuration.
19:49:50.744 [Test worker] INFO org.springframework.boot.test.context.SpringBootTestContextBootstrapper -- Found @SpringBootConfiguration com.example.lab3.Lab3Application for test class com.example.lab3.integration.DishServiceJpaIntegrationTest

  .   ____          _            __ _ _
 /\\ / ___'_ __ _ _(_)_ __  __ _ \ \ \ \
( ( )\___ | '_ | '_| | '_ \/ _` | \ \ \ \
 \\/  ___)| |_)| | | | | || (_| |  ) ) ) )
  '  |____| .__|_| |_|_| |_\__, | / / / /
 =========|_|==============|___/=/_/_/_/
 :: Spring Boot ::                (v3.2.5)

2026-02-25T19:49:51.120+07:00  INFO 23228 --- [    Test worker] c.e.l.i.DishServiceJpaIntegrationTest    : Starting DishServiceJpaIntegrationTest using Java 21.0.4 with PID 23228 (started by user in C:\Users\user\IdeaProjects\University\spring-jpa-master\spring-jpa)
2026-02-25T19:49:51.121+07:00  INFO 23228 --- [    Test worker] c.e.l.i.DishServiceJpaIntegrationTest    : The following 1 profile is active: "jpa"
2026-02-25T19:49:51.887+07:00  INFO 23228 --- [    Test worker] .s.d.r.c.RepositoryConfigurationDelegate : Bootstrapping Spring Data JPA repositories in DEFAULT mode.
2026-02-25T19:49:51.943+07:00  INFO 23228 --- [    Test worker] .s.d.r.c.RepositoryConfigurationDelegate : Finished Spring Data repository scanning in 49 ms. Found 2 JPA repository interfaces.
2026-02-25T19:49:52.331+07:00  INFO 23228 --- [    Test worker] o.hibernate.jpa.internal.util.LogHelper  : HHH000204: Processing PersistenceUnitInfo [name: default]
2026-02-25T19:49:52.397+07:00  INFO 23228 --- [    Test worker] org.hibernate.Version                    : HHH000412: Hibernate ORM core version 6.4.4.Final
2026-02-25T19:49:52.435+07:00  INFO 23228 --- [    Test worker] o.h.c.internal.RegionFactoryInitiator    : HHH000026: Second-level cache disabled
2026-02-25T19:49:52.648+07:00  INFO 23228 --- [    Test worker] o.s.o.j.p.SpringPersistenceUnitInfo      : No LoadTimeWeaver setup: ignoring JPA class transformer
2026-02-25T19:49:52.675+07:00  INFO 23228 --- [    Test worker] com.zaxxer.hikari.HikariDataSource       : HikariPool-1 - Starting...
2026-02-25T19:49:52.832+07:00  INFO 23228 --- [    Test worker] com.zaxxer.hikari.pool.HikariPool        : HikariPool-1 - Added connection conn0: url=jdbc:h2:mem:lab3db user=SA
2026-02-25T19:49:52.833+07:00  INFO 23228 --- [    Test worker] com.zaxxer.hikari.HikariDataSource       : HikariPool-1 - Start completed.
2026-02-25T19:49:52.855+07:00  WARN 23228 --- [    Test worker] org.hibernate.orm.deprecation            : HHH90000025: H2Dialect does not need to be specified explicitly using 'hibernate.dialect' (remove the property setting and it will be selected by default)
2026-02-25T19:49:53.545+07:00  INFO 23228 --- [    Test worker] o.h.e.t.j.p.i.JtaPlatformInitiator       : HHH000489: No JTA platform available (set 'hibernate.transaction.jta.platform' to enable JTA platform integration)
Hibernate: create table dishes (id bigint generated by default as identity, description varchar(255) not null, is_available boolean not null, name varchar(255) not null, price numeric(38,2) not null, primary key (id))
Hibernate: create table users (id bigint generated by default as identity, email varchar(255) not null, first_name varchar(255) not null, is_active boolean not null, last_name varchar(255) not null, primary key (id))
Hibernate: alter table if exists dishes drop constraint if exists UK_g9v3f8f18je2t2ou8fvwse3kq
Hibernate: alter table if exists dishes add constraint UK_g9v3f8f18je2t2ou8fvwse3kq unique (name)
Hibernate: alter table if exists users drop constraint if exists UK_6dotkott2kjsp8vw4d0m25fb7
Hibernate: alter table if exists users add constraint UK_6dotkott2kjsp8vw4d0m25fb7 unique (email)
2026-02-25T19:49:53.599+07:00  INFO 23228 --- [    Test worker] j.LocalContainerEntityManagerFactoryBean : Initialized JPA EntityManagerFactory for persistence unit 'default'
2026-02-25T19:49:54.072+07:00  INFO 23228 --- [    Test worker] o.s.d.j.r.query.QueryEnhancerFactory     : Hibernate is in classpath; If applicable, HQL parser will be used.
2026-02-25T19:49:54.775+07:00  WARN 23228 --- [    Test worker] JpaBaseConfiguration$JpaWebConfiguration : spring.jpa.open-in-view is enabled by default. Therefore, database queries may be performed during view rendering. Explicitly configure spring.jpa.open-in-view to disable this warning
2026-02-25T19:49:55.149+07:00  INFO 23228 --- [    Test worker] o.s.b.a.h2.H2ConsoleAutoConfiguration    : H2 console available at '/h2-console'. Database available at 'jdbc:h2:mem:lab3db'
2026-02-25T19:49:55.233+07:00  INFO 23228 --- [    Test worker] c.e.l.i.DishServiceJpaIntegrationTest    : Started DishServiceJpaIntegrationTest in 4.357 seconds (process running for 5.341)
Hibernate: select de1_0.id,de1_0.description,de1_0.is_available,de1_0.name,de1_0.price from dishes de1_0 where de1_0.name=?
Hibernate: insert into dishes (description,is_available,name,price,id) values (?,?,?,?,default)
Hibernate: select de1_0.id,de1_0.description,de1_0.is_available,de1_0.name,de1_0.price from dishes de1_0 where de1_0.id=?
Hibernate: select de1_0.id,de1_0.description,de1_0.is_available,de1_0.name,de1_0.price from dishes de1_0 where de1_0.id=?
Hibernate: select de1_0.id,de1_0.description,de1_0.is_available,de1_0.name,de1_0.price from dishes de1_0 where de1_0.name=?
Hibernate: select de1_0.id,de1_0.description,de1_0.is_available,de1_0.name,de1_0.price from dishes de1_0 where de1_0.id=?
Hibernate: update dishes set description=?,is_available=?,name=?,price=? where id=?
Hibernate: select de1_0.id,de1_0.description,de1_0.is_available,de1_0.name,de1_0.price from dishes de1_0 where lower(de1_0.name) like lower(('%'||?||'%')) escape ''
Hibernate: select de1_0.id,de1_0.description,de1_0.is_available,de1_0.name,de1_0.price from dishes de1_0 where de1_0.id=?
Hibernate: select de1_0.id,de1_0.description,de1_0.is_available,de1_0.name,de1_0.price from dishes de1_0 where de1_0.id=?
Hibernate: delete from dishes where id=?
Hibernate: select de1_0.id,de1_0.description,de1_0.is_available,de1_0.name,de1_0.price from dishes de1_0 where de1_0.id=?
]]></system-out>
  <system-err><![CDATA[WARNING: A Java agent has been loaded dynamically (C:\Users\user\.gradle\caches\modules-2\files-2.1\net.bytebuddy\byte-buddy-agent\1.14.13\979ce25f7d3096a2e82214ba7dc972a05ce7a171\byte-buddy-agent-1.14.13.jar)
WARNING: If a serviceability tool is in use, please run with -XX:+EnableDynamicAgentLoading to hide this warning
WARNING: If a serviceability tool is not in use, please run with -Djdk.instrument.traceUsage for more information
WARNING: Dynamic loading of agents will be disallowed by default in a future release
]]></system-err>
</testsuite>
